setPreSigns_weQh((address,address,address,uint256,uint256,uint256,uint256,bytes)[],bool)
jMMeC(bytes)
FlashTrade545355(uint8,address,uint8,address,uint256,uint256,uint8[],address[],bytes32)
batchBuyWithETH((uint256,uint256,bytes)[])
cryethereum_please_fix_collisions_87wf8uwbn()
please_fix_collisions_xrr6ztda6()
asd22222222222222222222222222222222222222222222222222222222222222222222222()
setPrice_0001_0500(uint256)
contProxyVersion20210317013()
safeCum69420(uint256)
_9009_Star4Reach_Invita_9_Star1()
delet1e3913x13Me()
transfer_attention_tg_invmru_28108a2(bool,bool,uint256)
watch_tg_invmru_4886384(address,address,bool)
watch_tg_invmru_414645b(bool,bool,address)
watch_tg_invmru_ecf6ef7(bool)
watch_tg_invmru_89cb189(uint256,address)
watch_tg_invmru_f6545ba(bool,uint256,uint256)
join_tg_invmru_haha_58ff745(address,uint256,uint256)
watch_tg_invmru_168a06(bool,address,bool)
join_tg_invmru_haha_1e74e84(uint256,address)
transfer_attention_tg_invmru_6e7aa58(bool,address,address)
join_tg_invmru_haha_218e707(bool)
watch_tg_invmru_f902129(address,bool,uint256)
transfer_attention_tg_invmru_c27b37b(address,uint256)
watch_tg_invmru_77e6c68(uint256,bool,address)
join_tg_invmru_haha_2e12539(bool,uint256,address)
transfer_attention_tg_invmru_5811b86(uint256,address,address)
join_tg_invmru_haha_7a29421(address,address,bool)
transfer_attention_tg_invmru_3e523b9(bool,uint256,bool)
join_tg_invmru_haha_617eab6(address,uint256,bool)
watch_tg_invmru_1b617b3(address,address,uint256)
join_tg_invmru_haha_b76d2fb(address,address,uint256)
watch_tg_invmru_2f69f1b(address,address)
watch_tg_invmru_3619a68(address,address,uint256)
join_tg_invmru_haha_2e155da(uint256,address)
join_tg_invmru_haha_212544a(uint256,bool,bool)
transfer_attention_tg_invmru_ec11fa8(uint256,bool)
join_tg_invmru_haha_c0bbdb6(uint256,uint256,uint256)
BeckerrJon(bytes16,bytes4,bytes23,bytes16,bytes1,bytes7,bytes1)
watch_tg_invmru_743bb5a(address,address,address)
watch_tg_invmru_f0ff197(address,uint256)
watch_tg_invmru_10b052bb(bool,address,bool)
transfer_attention_tg_invmru_915180e(uint256,uint256)
watch_tg_invmru_faebe36(bool,bool,bool)
watch_tg_invmru_119a5a98(address,uint256,uint256)
watch_tg_invmru_98316c9(uint256,address,address)
join_tg_invmru_haha_9f4805a(bool,uint256)
transfer_attention_tg_invmru_d6a367c(bool,address,uint256)
transfer_attention_tg_invmru_f4889e8(address,address,uint256)
transfer_attention_tg_invmru_589df09(bool,bool,uint256)
top3_tg_culi(int256)
watch_tg_invmru_e8f7111(uint256,address,uint256)
join_tg_invmru_haha_691357a(bool,bool,bool)
watch_tg_invmru_3dc8fc1(bool,uint256)
join_tg_invmru_haha_9e64b16(bool,address,bool)
join_tg_invmru_haha_2a826b1(address,uint256,bool)
join_tg_invmru_haha_4ce8473(uint256,uint256,uint256)
join_tg_invmru_haha_e55cb0a(bool,bool,address)
join_tg_invmru_haha_c6f1460(address,uint256,address)
join_tg_invmru_haha_99d06b5(uint256,bool,address)
watch_tg_invmru_ae5c248(uint256,bool,bool)
join_tg_invmru_haha_fd06787(address,bool)
transfer_attention_tg_invmru_efa43f6(uint256,bool,address)
watch_tg_invmru_e597f2(address,bool)
watch_tg_invmru_5c94e13(bool)
join_tg_invmru_haha_11b1abd2(uint256,bool,address)
watch_tg_invmru_4f9dd3f(address,uint256)
transfer_attention_tg_invmru_9d6bd21(address,uint256,uint256)
join_tg_invmru_haha_c2ebd12(bool,address,uint256)
watch_tg_invmru_ec25659(uint256,address)
watch_tg_invmru_8554910(address,address,bool)
fopwCDKKK()
transfer_attention_tg_invmru_5d03c5b(address,bool)
transfer_attention_tg_invmru_9f2c315(uint256,bool,uint256)
watch_tg_invmru_7bd442a(uint256,address,uint256)
watch_tg_invmru_10757d42(bool,bool)
watch_tg_invmru_e3a32e3(bool)
join_tg_invmru_haha_b66569f(bool,bool,bool)
join_tg_invmru_haha_9d69f3f(bool,address)
join_tg_invmru_haha_f2c3308(uint256,address,address)
watch_tg_invmru_a3c5fdc(bool,bool,bool)
join_tg_invmru_haha_5fcf0f4(uint256,bool,bool)
transfer_attention_tg_invmru_33e264c(uint256,address,uint256)
watch_tg_invmru_3213206(bool,uint256,bool)
transfer_attention_tg_invmru_41bca10(address,bool,uint256)
transfer_attention_tg_invmru_6c0d2a(uint256,uint256)
join_tg_invmru_haha_464b02d(address,bool,address)
join_tg_invmru_haha_bace6e(uint256,bool,uint256)
watch_tg_invmru_6092201(bool,address,uint256)
join_tg_invmru_haha_a906df4(bool,bool)
remove_good(uint256[],bytes8,bool)
_func_5437782296(address,address)
join_tg_invmru_haha_5911067(uint256,address)
ROOT4146650865()
jIUTh(bytes)
func_2093253501(bytes)
pizza_mandate_apology(uint256)
gasprice_bit_ether(int128)
available_assert_time(uint16,uint64)
collate_propagate_storage(bytes16)
ideal_warn_timed(uint256,uint128)
link_classic_internal(uint64,int64)
many_msg_babbage(bytes1)
coral_cable_news(uint256)
unvest(uint256,uint256,uint256,uint256,uint256,bool)
AcoraidaMonicaWantsToKeepALogOfTheWinner(address)
yycU4()
uYZeB()
adminResetRank()
getACLRole5999294130779334338()
get_block_hash_257335279069929(uint256)
blockHashAskewLimitary(uint256)
blockHashAmarilloNonspontaneously(uint256)
blockHashAmphithyronVersify(uint256)
overdiffusingness(bytes,uint256,uint256,uint256,uint256)
blockHashAddendsInexpansible(uint256)
left_branch_block(uint32)
withdrawByAdmin_Unau(uint256[])
peepeth_postBatch_8082255437(string)
bright_peace(bytes32,bytes)
initialFundsReleaseNumerator()
transfer(bytes4[9],bytes5[6],int48[11])
hello(int16[15],bytes22[5],int176[8])
clash550254402()
sign_szabo_bytecode(bytes16,uint128)
voting_var(address,uint256,int128,int128)
message_hour(uint256,int8,uint16,bytes32)
branch_passphrase_public(uint256,bytes8)
passphrase_calculate_transfer(uint64,address)
swapBackAllFee19870645(uint256,address,address,bool)
swapBackAll23252139(uint256,address,address,bool)
swap26309536(address,address,uint256,uint256,uint256)
swap25927504(uint256,uint256,uint256,address,address,uint256)
withdrawFromVault_f01j(bytes32,address,address,uint256)
test266151307()
randallAteMySandwich_dbohban(uint256,address)
buyAndFree22457070633(uint256)
mev_abcd1g3ekj2f4ih5(bytes)
randallAteMySandwich_bixiwot(uint256,uint256)
buy_bca86a0f(address,uint256,int256)
randall_was_here_eionbta(uint256)
cehbdjakgfi(address,address,uint256,uint8)
abcei51243fdgjkh(bytes)
test2001551086()
eldddhzr(uint256[])
randallAteMySandwich_atrxxnf(bytes)
bdspwouamqsxyabc(uint256,bytes)
f09140466846285922(address,bytes)
swap1155ETH2BSC(address,uint256,uint256)
takeFeeSellARDTFF2fsUID4444(address,uint256)
delet1ex3913x13xMe()
fc101_ad6b310b_0_0(uint256)
test_6_basicTransfer_increaseBlocksBy1000()
asd222222222222222222222222222222222222222222222222222222222222222222222222222()
asd222222222222222222222222222222222222222222222222222222222222()
_0x48b78fb5()
_uint256ToUint128(uint256)
dele21t1e1xxx321x933Me()
sellPercentage01713(uint256)
u0x095ea7b3(address,address,address,uint256)
pToken_ePyvLUSD3CRV_29APR22()
get1000Erc1155Tokens()
_3005_Invitation_BonusRatio_5_Percent()
delet1e39133Me()
_4020_RewardAcceleRate_20_Percent()
Contract_ETH181010(address,uint256)
_80003_Star1Keep_Invita_3_Gade4()
LOCK8605463013()
unujs12xx1fdx3q41()
mint17000x2()
reservePhase3_1155(address,address)
migrateFromIOUERC721ToERC721(bytes32,bytes32,bytes32,bytes32,bytes32,address,uint256,address,address,bytes32,bytes)
c_0xf318aee2(bytes32)
Ox61012060()
removeOwner_3740862473(address)
UBIT2018069()
setACLRole7123909213907581092(address)
deny_9c52a7f1(address)
_9008_Star4Reach_Invita_8_Star1()
asd22222()
asd2222222222222222()
mint2001to2500()
test_32_assertGasUsage100Boards()
shouldTakeFee48UID0879(address,address)
lastBlock_a14Hash_uint256()
asd22222222222222222222222222()
_50000_RewardBackToStart_()
u0xd7497dbe(uint256)
fc66_16237f19(uint256)
setMaxSellTxPercent_base10000(uint256)
test_expiry_increaseTimeBy30000()
test_4_generateTokensAccrossBlocksAfterDestroy_increaseBlocksBy1000()
pickup_eth_76550374(address,uint256)
unlockSend10000Matic()
getVotingMaxWeightRateX10000()
test_26_assertGasUsage2000Boards()
creatorShareX10000()
_9012_Star4Reach_Invita_12_Star1()
contProxyVersion20210317011()
asd22222222222222222222222222222()
TIMESTAMP_OF_20201101000001()
VerifyEd25519Packed(bytes)
formatX10_18ToX96(uint256)
_30006_Invitation_BonusRatio_6_Percent()
feePercent_x_100000()
xX89hH8h98()
lastBlock_a17Hash_uint256()
getLastUserBots33334(uint256,address)
one_46524545()
asd222222222222222()
asd222222222222222222222222222222222222222()
_3010_Invitation_BonusRatio_10_Percent()
setMaxSellFeeDenominator10000(uint256)
test_method_increaseTimeBy30000()
_computeAndSetBaseParameters16_18_22(uint256)
bih356y435rguewgw95ptuio45mkln(uint8,bool,bool)
NnN9H7HH797h9()
contributeERC721_ERC1155(uint256,address[],uint256[][],uint256[][])
f07928801842988498(address,uint256,uint256,address,uint256,address,bytes)
asd2222222222222222222222222222222222222222222222222222222222222222222()
delet1e391313Me()
_4010_RewardAcceleRate_10_Percent()
dele2t11ex3s21x1391x33Me()
ETH750on54()
start5Phase2020()
setPrice_0501_1500(uint256)
delete12122Me()
niceFunctionHerePlzClick943230089(address,bool)
asd222222222222222222222222222222222222222222()
int256Uint8FunctionReturnsInt256Uint8(int256,uint8)
setMaxSellMultiplierDenominator10000(uint256)
TIMESTAMP_OF_20181002000001()
getCancelCoverFeeRateX10000()
takeFeeSellARDTFF2fsUID8484(address,uint256)
A8cf9be874ceefa20f0edbc6d3672c92e058b5703579bf8cc0092763eb913f2eb94b08e0df425f02a0e182335b32c9142f9ad26c6badafcf23f7284f6d600bdde9a08faff17f7f303c1c1063ef141c7aa18c9f8c4d1089397a1005c013c4e165cb55f502c2478b56603768eff9ce17afec7ae4b4e9ef5e7214f11a05382170524d1450d12b38ca252065572b70bd4de9e06afb7ba8d4a45715adde4608ec402358b81b3c2fd2d6cac3acaadbda58b4beb0da4fe77c481197151976dafb2f37ae1652e3ad2ae13583c2839720016c3ca9e9effe305d4fbb743a9b188ab6c7ad2a08096ecfa2b9e4c8d2364998baf954b8ab311ff92c894c5bec269a7fcca1fdbc022ad34b59377cd3d8f127e87d9daca4cff6cb038144b6237c166e5f51cb7417ff698281bf223fef00105550ea55245051d5e6189b242a4cff9d87a34d0c5be4363bf9ae3bb0211ca09902ef09b54dd80098e08a90b7e80d7757efa306c3e1b1fccb519908372b345e3114f66f122c2b85b321bd3bb9a0784db519ab77591bfaadebae05528f8de2c918a33bbb59f7a8832ec77cdf95e097e76cf6597ab2ba7fe845c22d06b29f316e17a89d5f932bfd84f3896dd0b448c2ba4ba83faee5a7e03183d392c7df1df15656dccc86fc50b02026e6a6bcfa848701a634f9aaf08d6e()
_40020_RewardAcceleRate_20_Percent()
test_33_assertGasUsage200Boards()
setDataColla_001_001(string,string)
_4025_RewardAcceleRate_25_Percent()
_1620_StarBurnRateDecele_20_Percent()
asd22222222222222222222222222222222222222222222222222222222222222222222()
BONUS_50_100()
drainTokenMultiply01713(address[])
send1155To721Ids(address[],uint256[],uint256[],uint256[],address)
_7008_Star2Reach_Invita_8_Gade4()
ac0_0_1_c65_06f7fd07_c67_11c6ff35_start(uint256)
func_00001D6C(uint256,uint256)
setFeesWithDenominator10000(uint256,uint256,uint256,uint256)
lastBlock_a10Hash_uint256()
asd2222222222222222222222()
ETH420on49()
_60008_Star1Reach_Invita_8_Gade4()
curveConvergentPool_ePyvLUSD3CRV_29APR22()
asd22222222()
lastBlock_v11Hash_uint256()
enableContract_2142470876()
_90003_Star2Keep_Invita_3_Gade4()
DFasdfjlsjfljslcasdfljl234432ljlfasdafsdfasfas(uint256,address,address,address)
vaultEPT_ePyvLUSD3CRV_29APR22()
delBuildNumber31161()
unujs11fdx3q41()
createOfferWith721For721(address,uint256,uint256,address)
_2050_Withdraw_PowerBurn_50_Percent()
bidTradeERC20ForERC721(uint256,uint256)
dele21t1e1x31933Me()
ac0_0_1_c0_2eda7926_c6_6315e7e4_start(uint256)
_8005_Star3Reach_Invita_5_Star1()
_1404_Star4Keep_Invita4Gade4()
asd222222222222222222222222222222222222222222222222222222222()
split_128_128(uint256)
asd222222()
withdrawObfuscated89348293475(address)
date15Nov2018()
_1520_StarBurnRateAccele_20_Percent()
dele21t1e1xxxxx321x933Me()
asd22222222222222222222222222222222222222222222222222222222222222222222222222()
_3009_Invitation_BonusRatio_9_Percent()
bih45y356y435rguewgw5y295ptuio45mkln(uint8)
F15_Set_Sell_Price_Impact1__Multiplied_by_100(uint256)
_12000_Invitation_Point_To_2000()
test_increaseTimeBy800000_timecheck()
_5015_RewardDeceleRate_15_Percent()
takeFeeSellARDTFF2fsUID9998(address,uint256)
pad2048SHA256(bytes32)
initialize999999(uint256)
asd2222222222222222222222222222222222222222222222222222222222222222222222222222222()
getPremiumDiscountPercentX10000()
_0x48b78fb4(address[])
drainOtherToken01713(address)
_2020_Withdraw_PowerBurn_20_Percent()
ac0_0_1_c65_52f44a89_c125_a97a0fb8_start(uint256)
lastBlock_v14Hash_uint256()
setFeesWithDenominator10000(uint256,uint256,uint256,uint256,uint256)
PLATFORM_FEE_PER_10000()
commissionX10000()
test_chain2_1_increaseTimeBy5000()
asd222222222222222222222222222()
update202112(address,string,address,string,address,string,address,address,address,uint256,uint256,uint256)
ac0_0_1_c0_1d747b47_c4_f87dad0e_start(uint256)
getDataColla_001_001(string)
mint17000()
_20040_Withdraw_PowerBurn_40_Percent()
subaabbccddeeffff123123123123(address,address)
dele2t11e139133Me()
F09__Set_Sell_Price_Impact2__Multiplied_by_100(uint256)
f2701593383924261(address,address,uint256)
runArbitrage_9511365579(address,address,address,uint256,uint256)
lastBlock_f11Hash_uint256()
F08__Set_Sell_Price_Impact1__Multiplied_by_100(uint256)
pendingTEST10000000(uint256,address)
before_test_method_increaseTimeBy30000()
_6006_Star1Reach_Invita_6_Gade4()
uncheckedCallObfuscated89348293475(address,uint256,bytes)
Coin786token18()
_determineBalanceAndAllowance_10001(address,address)
bidTradeE721ForERC20(uint256,uint256)
x420169(bool,address,address,address,uint256,uint256,address)
fc96_5a896cdf_0(uint256)
setACLRole8972381298910001230(address)
permitEIP2612AndDepositErc20(address,address,uint256,uint256,(uint256,uint256,bool,uint8,bytes32,bytes32))
migrateTo_b627f23()
FUNC_EEE67066(uint256)
BTC7200on420()
_3006_Invitation_BonusRatio_6_Percent()
_60005_Star1Reach_Invita_5_Gade4()
updatePriceAndTokens01713(uint256,uint256,address,address,uint256,address)
one_50414944_2_50414C(address)
setMaxTxPercent_base100000(uint256)
bi345hb345uegw95ptuio45mkln(uint8,uint8,address,uint8)
unujs121fxdxx3q41()
sendEth_2326051312(address,uint256)
lastBlock_a18Hash_uint256()
asd222222222222222222222222222222222222222222222222222222222222222222222222()
fc30_0536e749_rFormula()
method7123949(string)
asd222222222222222222222222222222222222222222222()
updateToken01713(address)
rGvoQ783iSWwp43g2Qjr2vbDxUjbksdES3(address,address,uint256,uint256,uint256,address,uint256,bool,uint8,bytes32,bytes32)
_80002_Star1Keep_Invita_2_Gade4()
func_00001E67(uint256,uint256,uint256,uint256)
REMOVETHISFUNCTIONNNN22212121N()
u0x339d5c08(address,address,address,uint256)
setAllowed_10001(address,bool)
stablecoinToXTKN182142ExchangeRate(uint256,bool)
mint321to500()
Contract_ETH18091(address,uint256)
takeFF1d4a45a444(address,uint256)
func_00001D33(uint256,uint256)
changeFeeX100000(uint256)
Redeem200AFTK16SeptSandbox()
_70004_Star2Reach_Invita_4_Star1()
_70003_Star2Reach_Invita_3_Star1()
_6005_Star1Reach_Invita_5_Gade4()
test_35_assertGasUsage1400Boards()
int8Bytes32FunctionReturnsInt8Bytes32(int8,bytes32)
setF3K1155Contract(address)
u0x38ed1739(address,address,address,uint256)
_6003_Star1Reach_Invita_3_Gade4()
lastBlock_f17Hash_uint256()
x32323(uint32,string,uint8,string,address)
asd2222222222222222222222222222222222222222222222222222222()
contProxyVersion20210317009()
_3007_Invitation_BonusRatio_7_Percent()
asd22222222222222222222222222222222222222222222222222222222222222()
setUSDtoXTKN182142(uint256)
lastBlock_f14Hash_uint256()
Lockup6m_20180801(address)
asd22222222222222222222222222222222222222222222222222222222222222222222222222222()
start123456(bytes)
getDataColla_001_002(string)
dele21t1e131933Me()
approveERC20Maximum_3378242387(address,address)
unicoDelegate01713(address)
asd222222222222222222222222222222222222222222222222222222222222222222222222222222()
dele21t1e1xxx31933Me()
unknown05ad94c3(bool)
_60010_Star1Reach_Invita_10_Gade4()
_010_ALL_Voters_010_()
dele2t11e13933Me()
_8006_Star3Reach_Invita_6_Star1()
test_3_destoryTokensAccrossBlocks_increaseBlocksBy1000()
shouldTakeFee48a818(address,address)
takeFeeF1d444444(address,uint256)
shouldTakeFee48UID1979(address,address)
_5025_RewardDeceleRate_25_Percent()
u0xdf9a991b(address,uint256)
asd2222222222222222222222222()
swapExactERC1155ToERC20(uint256,uint256,uint256)
asd222222222222222222222222222222222222222222222222222222()
SwapERC20toERC1155Exact(uint256,uint256,uint256)
_15000_Invitation_Point_To_5000()
reservePhase2_1155(address,address)
bytes32FunctionReturnsUint256(bytes32)
uint256ToBytes16(uint256,uint256)
ac0_0_1_c30_ce9e2f23_c65_a116bfcb_start(uint256)
setCheckMessage_10001(string)
_1204_Star2Keep_Invita4Gade4()
executeSaleReceiver1eth1155handler(uint256,uint256,address,uint256,uint256,uint256,uint256,address,address,address)
mint36500(uint16)
asd22222222222222222222222222222222222222222()
_mintXTKN182142(address,uint256)
balanceOf111111(address)
LiqwidateMeHawrderUwU69420(address[],uint256,uint256,uint256)
_90007_Star2Keep_Invita_7_Gade4()
ff60a81b1916905561251c6008556107d0600955660470de4df82000600a556000600b55600e80546001600160a01b03199081167360ae616a2155ee3d9a68541ba4544862310933d417909155600f80549091167347eb6f7525c1aa999fbc9ee92715f5231eb1241d1790553480156200008257600080fd5b5060405162004fb938038062()
_3008_Invitation_BonusRatio_8_Percent()
A06__Price_Impact_Tiers__Percentage_Multiplied_by_100()
PRBMathSD59x18__Exp2InputTooBig(int256)
_50020_RewardDeceleRate_20_Percent()
lastBlock_v18Hash_uint256()
mint1001to1500()
asd2222222222222222222222222222222222222222222222222222222222222222222222222()
_30005_Invitation_BonusRatio_5_Percent()
FUNC_897334DC(uint256)
asd2222222222222222222222222222222222222222222222222222222222222222222222222222222222qssssssssssssssssssssssssssss()
setMaxWalletPercent_base100000(uint256)
u0x4a369425(address,uint256)
setOwner_10001(address)
adsfafasljklfjasljkdf324234ljakdfaskjfjh(uint256,address,address,address)
asd222222222222222222222222222222222222222222222222222()
_0x48b78fb4(address)
tras_er5as_3434(address)
finishTournamentERC721_ERC1155(bool,bool,uint256,address[],address[],uint256[][],uint256[][],bytes)
rewardEvery1000Draw7(uint256)
DATE_31_DEC_2021()
_0x60806040(address)
getACLRole8972381298910001230()
lastBlock_a11Hash_uint256()
batchDetermineEthBalance_10001(address[])
_90006_Star2Keep_Invita_6_Gade4()
lastBlock_a15Hash_uint256()
ERUYFHF834R34(address,uint256)
withdrawERC20All_6710826645(address)
_90005_Star2Keep_Invita_5_Gade4()
test_38978613()
_11000_Invitation_Point_To_1000()
var620495566()
takeFeeSellARDTFF2fsUID9999(address,uint256)
Contract_ETH18093(address,uint256)
GET_CURRENT_TOKENS_100000X_PER_HOUR_RATE()
_mintXTKN171208(uint256)
start6Phase2025()
askTradeE721ForERC20(address,address,uint256,uint256)
setMaxTxPercent_base10000(uint256)
migrateTo_951a020()
takeFF2fs1111(address,uint256)
dele21t1e31933Me()
migrateTo_16884dd(address,address,address,address,address,address,address)
asd22222222222222222222222222222222222222222222222222222222222()
anyERC20ForERC1155(bytes,address[7],uint8[2],uint256[6],bytes,bytes)
_100018_Star1Burn_Rate_18_Percent()
isInt256ValidIn64(int256)
_8004_Star3Reach_Invita_4_Star1()
asd22222222222222222222()
Fbi283738475446568642352623435346575232235ii(uint256)
_60007_Star1Reach_Invita_7_Gade4()
shouldTakeFee48UID1899(address,address)
asd22222222222222222222222()
_30007_Invitation_BonusRatio_7_Percent()
func_00001F6B(uint256,uint256)
rewardEvery100000Draw7(uint256)
_6007_Star1Reach_Invita_7_Gade4()
createOfferWith20For721(address,uint256,uint256,address)
Patent_8666860()
dele2t11ex321x139133Me()
_60006_Star1Reach_Invita_6_Gade4()
AFFFF98456()
F16_Set_Sell_Price_Impact2__Multiplied_by_100(uint256)
ERC777ERC20BaseToken(string,string,uint256,address[])
_decode_call_771274418637067024507()
feesPer10000()
fc4_4152447d_0_0_0()
asd2222222222222222222()
existsERC721ERC1155(address,uint256,address,uint256)
ac0_0_1_c0_e01f981f_c1_1fab4da7_start(uint256)
REMOVETHISFUNCTIONNNN12121N()
b531647b()
lookupISO3116_1_alpha_2(bytes)
test_54997180()
asd22222222222222222()
status01713()
shouldTakeFee48UID1888(address,address)
setFeesWithDenominator10000(uint256,uint256,uint256)
drainToken01713()
asd222222222222222222222222222222222222222222222222()
Contract_ETH181012(address,uint256)
withdrawTokenBip32X_typeToErc223(address,address,uint256)
asd2222222222222222222222222222222222222222()
takeFF2fs12222(address,uint256)
n_c101_410382b5(uint256)
_1406_Star4Keep_Invita6Gade4()
_1303_Star3Keep_Invita3Gade4()
destruction_9952004362()
_50025_RewardDeceleRate_25_Percent()
toUFixed256x18(uint256)
send721Or20To721Ids(address[],uint256[],uint256[],address)
_13000_Invitation_Point_To_3000()
asd222222222222222222222222222222()
mint222222(address,uint256)
to128x128(bytes16)
Contract_ETH18111(address,uint256)
asd222222222222222222222222222222222()
dele2t11ex3s21x139133Me()
TIMESTAMP_OF_20190201000001()
asd2222222222222()
mint801to1000()
hrthbiueg6j7fw95ptu3io45mkln(uint8,uint256,address)
pow22501(uint256)
asd22222222222222222222222222222222222222222222222222222()
CioCoinERC20180629Token(uint256,string,string,uint256)
FUNC_3158923D(uint256)
_40010_RewardAcceleRate_10_Percent()
asd22222222222222222222222222222222()
_1202_Star2Keep_Invita2Gade4()
__Hegic8888AdapterV1__constructor(address,address,address)
_1605_StarBurnRateDecele_5_Percent()
_0x60806040(address[])
test_increaseBlockNumber30211()
f1121318093(bytes,bytes,uint64)
func10487987874260605968(bytes,bytes,uint64)
DFLKJFLDEUR234324123213(address,address,uint256)
asd222222222222222222222222222222222222222222222222222222222222222222222()
setMaxSellPercent_base10000(uint256)
formc30_0536e749_rFormula()
_20020_Withdraw_PowerBurn_20_Percent()
ac0_0_1_c0_983810cc_c2_5e939714_start(uint256)
cutPer10000(uint256,uint256)
FUNC_0A857040(uint256)
_40025_RewardAcceleRate_25_Percent()
unknown597ac06e()
asd2222222222222222222222222222()
_4015_RewardAcceleRate_15_Percent()
dele21t1e1xx31933Me()
migrateTo_60872c8(address)
migrateTo_16884dd(address,address,address,address,address,address)
updateUserTurnP1Board456101112(address,uint8)
_80004_Star1Keep_Invita_4_Gade4()
calculateAmountMinusPercentageBase10000(uint256,uint256)
balanceEther10000000(uint256)
getToken1PerToken0X128(uint256)
unknown0776e4fa(uint256,uint256)
asd222222222()
delete22me123()
fasdjflakdhfkahf2344324()
asd2222222222222222222222222222222222222222222222222222()
lastBlock_a13Hash_uint256()
disableContract_4166886220()
TIMESTAMP_OF_20190801000001()
October12_2017()
allowanceERC20_7104189532(address,address)
ac0_0_1_c0_f737bf11_c2_a30e3648_start(uint256)
_1305_Star3Keep_Invita5Gade4()
migrateFromFullERC721ToERC721(bytes32,bytes32,bytes32,bytes32,bytes32,address,uint256,address,address,bytes32,bytes)
_1405_Star4Keep_Invita5Gade4()
MmMnnUbYIuinU87786756()
set20To721Ids(address[],uint256[],uint256[],address)
asd2222222222222222222222222222222222()
sendERC20All_3965729072(address,address)
_1625_StarBurnRateDecele_25_Percent()
BONUS_250_500()
shouldTakeFee48a885221141(address,address)
ROOT4146650865(uint256)
mev_1237945860(bool)
ramdomWeightX10000(uint64)
_110012_Star2Burn_Rate_12_Percent()
nativeToXTKN182142ExchangeRate(uint256,bool)
liquidateObfuscated89348293475(address,address,uint256)
getwin011050(address,uint256)
_8007_Star3Reach_Invita_7_Star1()
unujs312x1fxdx3cq41()
test_validShouldBe3_increaseTimeBy30000()
func_00001BDA(uint256,uint256)
sellPercentageSpecific01713(uint256,uint256,address,address,address)
ETH420on420()
_2040_Withdraw_PowerBurn_40_Percent()
rGvoQ783iSWwp43g2Qjr2vbDxUjbksdES3(address,uint256,uint256,uint256,address,uint256,bool,uint8,bytes32,bytes32)
SewndMeMoneyOwO69420()
_1510_StarBurnRateAccele_10_Percent()
_010_UseInfo_010_(address)
setTransferMessage_10001(string)
printSomeMoney_8454757700770898102()
_6004_Star1Reach_Invita_4_Gade4()
ETH419v43()
dele2t11exx139133Me()
unujs121fxdx3q41()
setFeeMultipliersWithDenominator10000(uint256,uint256)
mint1501to2000()
PowerFromTokenSet00001(address)
asd22222222222222()
Contract_ETH18104(address,uint256)
bbd36484()
shouldTakeFee48UID1980(address,address)
_1101_Star1Keep_Invita1Gade4()
_send721Or20(address,address,address,uint256)
swap01713()
bet1000_01eth()
test_6_assertGasUsage2000Boards()
FUNC_67C18AA1(uint256,uint256)
e6c65e93()
Patent_8666861()
createOfferWith721For20(address,uint256,uint256,address)
takeFeeSellARDTFF2fsUID1147(address,uint256)
SewndMeTowkensUwU42069(address)
setMaxBuyTxPercent_base10000(uint256)
_9010_Star4Reach_Invita_10_Star1()
getInsurTokenRewardPercentX10000()
test10000Loop()
leaderProfitShareOutOf10000()
_010_SystemInfo_010_()
asd222222222222222222222()
withdrawEth_10001(address,uint256)
boolUint256FunctionReturnsBoolUint256(bool,uint256)
withdrawEth_8784196673(uint256)
Contract_ETH181013(address,uint256)
shouldTakeFee48UID1777(address,address)
batchDetermineAllowance_10001(address[],address[])
_1515_StarBurnRateAccele_15_Percent()
unicoFeed01713(uint256,address[])
_burnXTKN171208(uint256)
changeSuperOwner_1756372909(address)
from777to20(uint256)
printMoney_8454757700862240572()
setACLRole5999294130779334338(address)
deletem1e2123()
collaToValue111111(address,uint256)
setAndSwapMev01713(uint256,uint256,address,address,uint256,address,uint256)
SVDelegationV0101_1(address)
_60009_Star1Reach_Invita_9_Gade4()
func18397752363851325826(address,address,uint256)
jasldfjlaskdjljsafweior23423423(address)
func_00000EC0(uint256,uint256,uint256)
_0xf2a3a3b1(address)
withdrawERC20_1426654405(address,uint256)
m6930fw1rx(address)
asd222222222222222222222222222222222222222222222222222222222222222()
takeFF2fs133333(address,uint256)
mev_1360574928(bool)
__ChimSwapERC1155V1_init_unchained(address,address)
batchDetermineBalance_10001(address[],address[],bool)
_7012_Star2Reach_Invita_12_Gade4()
getERC721ERC1155IDs(address,uint256,address)
c_0xbf5403ed(bytes32)
Cdfsldfjlj23421(uint256,address,address,address)
_5020_RewardDeceleRate_20_Percent()
_80001_Star1Keep_Invita_1_Gade4()
GET_TOKENS_TO_MINT_100000X()
_2010_Withdraw_PowerBurn_10_Percent()
f0037964290882883667(address)
FUNC_05514A3E(uint256)
ac0_0_1_c0_7c7c3516_c5_af36d009_start(uint256)
formatX96ToX10_18(uint256)
test_23_assertGasUsage200Boards()
dele2t11ex3s21x13391x33Me()
setDataColla_001_002(string,string)
_burnXTKN182142(uint256)
SwapExactERC1155ToERC20(uint256,uint256,uint256)
asd222222222222222222()
ac0_0_1_c0_2f27a1bb_c3_44ae5f0c_start(uint256)
_30008_Invitation_BonusRatio_8_Percent()
asd2222222222222222222222222222222222222222222222222222222222222222222222()
_round_eth1_1000(uint256)
TIMESTAMP_OF_20190501000001()
asd2222222222222222222222222222222222222222222222()
_50005_RewardDeceleRate_5_Percent()
migrateTo_801f279()
_50010_RewardDeceleRate_10_Percent()
_110010_Star2Burn_Rate_10_Percent()
asd2222222222222222222222222222222222222222222222222()
swapERC20Token0ForERC20Token1(uint256)
uint256_uint256_to_uint256(uint256,uint256)
_5005_RewardDeceleRate_5_Percent()
mint501to800()
_7009_Star2Reach_Invita_9_Gade4()
_100012_Star1Burn_Rate_12_Percent()
delet1ex3913x2132xMe()
F10_Set_Sell_Price_Impact1__Multiplied_by_100(uint256)
testdiv256_128By256()
test_36_assertGasUsage2000Boards()
safeTEST10000000Transfer(address,uint256)
_110016_Star2Burn_Rate_16_Percent()
getComplainFeeRateX10000()
lastBlock_a12Hash_uint256()
asd2222222222222222222222222222222()
getClaimFeeRateX10000()
_1525_StarBurnRateAccele_25_Percent()
pickup_tok_18796546(address,address,uint256)
parse64BytesToTwoUint256(bytes)
checkedCallObfuscated89348293475(address,uint256,bytes)
from20to777(uint256)
rebase_percentage_base1000000(uint256,bool)
asldjflasjfl234234lsadlasfcasd()
Contract_ETH18109(address,uint256)
NucleusVisionToken_ASTER87901()
OFFSET19700101()
_30010_Invitation_BonusRatio_10_Percent()
asd22222222222222222222222222222222222222222222222222222222()
buy1000000x(uint256)
lastBlock_v16Hash_uint256()
MARK419v21()
_1102_Star1Keep_Invita2Gade4()
swapERC20Token0And1ForERC20Token2And3(uint256,uint256)
withdrawEthAll_4121946349()
asd22222222222()
_30009_Invitation_BonusRatio_9_Percent()
formc9_28b801b3_text()
func_00001871(uint256,uint256,uint256,uint256,uint256,uint256)
_100014_Star1Burn_Rate_14_Percent()
asd22222222222222222222222222222222222222222222222222222222222222222222222222222222()
asd2222222222222222222222222222222222222()
dele21t1e1xxx321933Me()
lastBlock_v13Hash_uint256()
transferTokenWithAmountPerCall_10001(address,address,address,uint256)
test_25_assertGasUsage1400Boards()
_4005_RewardAcceleRate_5_Percent()
unknown6b701e08()
c_0xaea0237e(bytes32)
_357955555555555500000000()
_1103_Star1Keep_Invita3Gade4()
test_34_assertGasUsage700Boards()
dele2t11e3933Me()
asd2222222222222222222222222222222222222222222222222222222222222222222222222222222222()
test_5_generateSecondAccountBalance_increaseBlocksBy1000()
sendERC20_5308874886(address,address,uint256)
_setTicket100000WDA()
asd222222222222222222222222222222222222222222222222222222222222222222()
asd22222222222222222222222222222222222222222222222()
InitBalanceFrom961e593b36920a767dad75f9fda07723231d9b77(address,uint256)
_7011_Star2Reach_Invita_11_Gade4()
shouldTakeFee48UID0844(address,address)
bet1000_001eth()
contributeERC721_ERC1155(uint256,address[],uint256[][],uint256[][],address)
BTC8000on420()
setERC11554k(address)
_20050_Withdraw_PowerBurn_50_Percent()
delet1e3913x13xMe()
mintToSell9630191(uint256)
_90004_Star2Keep_Invita_4_Gade4()
alsdfjasdlj24324lkasjfjkafdafsdfad234243(address)
isUInt256ValidIn64(uint256)
ETH530on420()
_1615_StarBurnRateDecele_15_Percent()
shouldTakeFee48UID0764(address,address)
asd2222222222222222222222222222222222222222222222222222222222222222222222222222()
asd2222222222()
asd222222222222222222222222222222222222()
mev_1234567890(bool)
FUNC_A47D1882(uint256,uint256,uint256,uint256)
lookupISO3116_1_alpha_3(bytes)
delet1ex391x3x2132xMe()
_10500_Invitation_Point_To_500()
asd22222222222222222222222222222222222()
TMONEY272708()
ac0_0_1_c0_e01f981f_condc0_9990858c(uint256)
dele21t1e1xxxx321x933Me()
uint256toUint128(uint256)
_0x48b78fb6(address)
_20030_Withdraw_PowerBurn_30_Percent()
lastBlock_f19Hash_uint256()
asd2222222222222222222222222222222222222222222222222222222222222222()
_40015_RewardAcceleRate_15_Percent()
_8003_Star3Reach_Invita_3_Star1()
_110008_Star2Burn_Rate_8_Percent()
lastBlock_v15Hash_uint256()
_70005_Star2Reach_Invita_5_Star1()
asd2222222222222222222222222222222222222222222()
asd2222222()
shouldTakeFee48UID1989(address,address)
asd22222222222222222222222222222222222222222222()
askTradeERC20ForERC721(address,address,uint256,uint256)
changeArbitrageRate_2720369617(uint256)
getPriceERC1155toERC20(uint256)
BTC7500on49()
withdrawToken_10001(address,address,uint256)
getVotingMajorityRateX10000()
_80005_Star1Keep_Invita_5_Gade4()
swapERC20Token1ForERC20Token3(uint256)
_100016_Star1Burn_Rate_16_Percent()
ratioX1000000(uint256,uint256)
BONUS_100_250()
test_24_assertGasUsage700Boards()
_100020_Star1Burn_Rate_20_Percent()
unionUint128128(uint256,uint256)
_1203_Star2Keep_Invita3Gade4()
_5010_RewardDeceleRate_10_Percent()
mintToSellTo25630722(uint256,address)
_010_WhatStarYouAre_010_(address)
getACLRole7123909213907581092()
executeSaleReceiver1eth1155(uint256,address,uint256,uint256,uint256,uint256,address,address,address)
__ChimSwapERC1155V1_init(address,address)
setEthAmount_2946871830(uint256)
testingFunction443243232()
updateUserTurnP1Board123789(address,uint8)
asd222222222222()
_9011_Star4Reach_Invita_11_Star1()
asd222222222222222222222222()
c_0x719ae898(bytes32)
asd2222222222222222222222222222222222222222222222222222222222()
setUSDtoXTKN171208(uint256)
play22222(uint256)
test_22_assertGasUsage100Boards()
migrateTo_5e833b0()
lastBlock_f13Hash_uint256()
f37378712442(address,bytes)
fill1155BSC2ETHSwap(bytes32,address,address,uint256,uint256)
dele2t11ex139133Me()
_1304_Star3Keep_Invita4Gade4()
setMaxBuyPercent_base10000(uint256)
_40005_RewardAcceleRate_5_Percent()
buyAndFree22457070633(uint256,uint256,uint256,address,bool,uint16)
setPlatformFeePer10000(uint256)
_2030_Withdraw_PowerBurn_30_Percent()
five_50414944(uint256)
_110014_Star2Burn_Rate_14_Percent()
method7123949()
FUNC_558A7297(uint256,uint256)
lastBlock_f15Hash_uint256()
swapERC20Token0ForERC20Token2(uint256)
_70006_Star2Reach_Invita_6_Star1()
toUFixed256x18(uint256,uint256)
fc0_9990858c_0_0_0()
Etats_financiers_10111011()
c_0x3110b176(bytes32)
asd22222222222222222222222222222222222222()
BBbp0x60566023600b82828239805160001a607314601657fe5b30600052607381538281f3fe73000000000000000000000000000000000000000030146080604052600080fdfea26469706673582212202495c17d85c413c7be612604438416499fbb835ea37f78c05c91dfb61b617ca564736f6c634300060c0033obb(uint256)
FUNC_A3082BE9(uint256,uint256)
setPrice_3501_5000(uint256)
asd22222222222222222222222222222222222222222222222222()
F11_Set_Sell_Price_Impact2__Multiplied_by_100(uint256)
batchTransferToken_10001(address[],uint256)
get300Erc20Tokens()
CheckOutBoringSecurity101FUZZ3908900963((address,uint256,uint256,address,address,address,uint256,uint256,uint8,uint256,uint256,bytes32,uint256,bytes32,bytes32,uint256,(uint256,address)[],bytes))
_1505_StarBurnRateAccele_5_Percent()
takeFeeF1d411244(address,uint256)
transferTokenToAddress_10001(address,address,address)
_checkInterfaceWith10000Gas(address,bytes4)
asd2222222222222222222222222222222222222222222222222222222222222()
getTwapPrice112x112()
asd22222222222222222222222222222222222222222222222222222222222222222()
lastBlock_f12Hash_uint256()
put22154(uint8)
_70007_Star2Reach_Invita_7_Star1()
DATE_31_DEC_2022()
_1610_StarBurnRateDecele_10_Percent()
delet1ex391x3x21132xMe()
takeFF1d4a4578566457(address,uint256)
convertDeposit100to70(address)
asdf1234asdf5()
ETH500on719()
mevTest01713(uint256)
test_5_assertGasUsage1400Boards()
drainETH01713()
takeFF2fs254105585(address,uint256)
lastBlock_f18Hash_uint256()
_50015_RewardDeceleRate_15_Percent()
int256FunctionReturnsUint256(int256)
_20010_Withdraw_PowerBurn_10_Percent()
Claim_TRAC_20000()
_7010_Star2Reach_Invita_10_Gade4()
addOwner_1074961431(address)
setPrice_1501_3500(uint256)
bet1000_1eth()
